{"C:\\Users\\manki\\Assignmnet-2-BED\\src\\app.ts": {"path":"C:\\Users\\manki\\Assignmnet-2-BED\\src\\app.ts","statementMap":{"0":{"start":{"line":1,"column":0},"end":{"line":1,"column":43}},"1":{"start":{"line":2,"column":0},"end":{"line":2,"column":28}},"2":{"start":{"line":3,"column":0},"end":{"line":3,"column":63}},"3":{"start":{"line":4,"column":0},"end":{"line":4,"column":59}},"4":{"start":{"line":6,"column":21},"end":{"line":6,"column":30}},"5":{"start":{"line":8,"column":0},"end":{"line":8,"column":28}},"6":{"start":{"line":9,"column":0},"end":{"line":9,"column":24}},"7":{"start":{"line":11,"column":0},"end":{"line":18,"column":3}},"8":{"start":{"line":12,"column":4},"end":{"line":17,"column":7}},"9":{"start":{"line":20,"column":0},"end":{"line":20,"column":34}},"10":{"start":{"line":21,"column":0},"end":{"line":21,"column":32}},"11":{"start":{"line":23,"column":0},"end":{"line":26,"column":3}},"12":{"start":{"line":24,"column":14},"end":{"line":24,"column":38}},"13":{"start":{"line":25,"column":2},"end":{"line":25,"column":41}},"14":{"start":{"line":29,"column":0},"end":{"line":29,"column":19}}},"fnMap":{"0":{"name":"(anonymous_1)","decl":{"start":{"line":11,"column":26},"end":{"line":11,"column":27}},"loc":{"start":{"line":11,"column":39},"end":{"line":18,"column":1}}},"1":{"name":"(anonymous_2)","decl":{"start":{"line":23,"column":17},"end":{"line":23,"column":18}},"loc":{"start":{"line":23,"column":30},"end":{"line":26,"column":1}}}},"branchMap":{},"s":{"0":0,"1":0,"2":0,"3":0,"4":0,"5":0,"6":0,"7":0,"8":0,"9":0,"10":0,"11":0,"12":0,"13":0,"14":0},"f":{"0":0,"1":0},"b":{}}
,"C:\\Users\\manki\\Assignmnet-2-BED\\src\\api\\v1\\controllers\\branchController.ts": {"path":"C:\\Users\\manki\\Assignmnet-2-BED\\src\\api\\v1\\controllers\\branchController.ts","statementMap":{"0":{"start":{"line":2,"column":0},"end":{"line":2,"column":59}},"1":{"start":{"line":9,"column":28},"end":{"line":30,"column":2}},"2":{"start":{"line":10,"column":19},"end":{"line":30,"column":2}},"3":{"start":{"line":11,"column":4},"end":{"line":29,"column":5}},"4":{"start":{"line":12,"column":39},"end":{"line":12,"column":47}},"5":{"start":{"line":13,"column":8},"end":{"line":16,"column":9}},"6":{"start":{"line":14,"column":12},"end":{"line":14,"column":63}},"7":{"start":{"line":15,"column":12},"end":{"line":15,"column":19}},"8":{"start":{"line":17,"column":26},"end":{"line":21,"column":10}},"9":{"start":{"line":22,"column":8},"end":{"line":25,"column":11}},"10":{"start":{"line":28,"column":8},"end":{"line":28,"column":69}},"11":{"start":{"line":9,"column":13},"end":{"line":9,"column":28}},"12":{"start":{"line":37,"column":30},"end":{"line":49,"column":2}},"13":{"start":{"line":38,"column":19},"end":{"line":49,"column":2}},"14":{"start":{"line":39,"column":4},"end":{"line":48,"column":5}},"15":{"start":{"line":40,"column":25},"end":{"line":40,"column":61}},"16":{"start":{"line":41,"column":8},"end":{"line":44,"column":11}},"17":{"start":{"line":47,"column":8},"end":{"line":47,"column":72}},"18":{"start":{"line":37,"column":13},"end":{"line":37,"column":30}},"19":{"start":{"line":56,"column":29},"end":{"line":74,"column":2}},"20":{"start":{"line":57,"column":19},"end":{"line":74,"column":2}},"21":{"start":{"line":58,"column":4},"end":{"line":73,"column":5}},"22":{"start":{"line":59,"column":21},"end":{"line":59,"column":31}},"23":{"start":{"line":60,"column":23},"end":{"line":60,"column":68}},"24":{"start":{"line":61,"column":8},"end":{"line":69,"column":9}},"25":{"start":{"line":62,"column":12},"end":{"line":65,"column":15}},"26":{"start":{"line":68,"column":12},"end":{"line":68,"column":65}},"27":{"start":{"line":72,"column":8},"end":{"line":72,"column":70}},"28":{"start":{"line":56,"column":13},"end":{"line":56,"column":29}},"29":{"start":{"line":81,"column":28},"end":{"line":101,"column":2}},"30":{"start":{"line":82,"column":19},"end":{"line":101,"column":2}},"31":{"start":{"line":83,"column":4},"end":{"line":100,"column":5}},"32":{"start":{"line":84,"column":21},"end":{"line":84,"column":31}},"33":{"start":{"line":85,"column":28},"end":{"line":85,"column":36}},"34":{"start":{"line":87,"column":12},"end":{"line":87,"column":69}},"35":{"start":{"line":88,"column":8},"end":{"line":96,"column":9}},"36":{"start":{"line":89,"column":12},"end":{"line":92,"column":15}},"37":{"start":{"line":95,"column":12},"end":{"line":95,"column":65}},"38":{"start":{"line":99,"column":8},"end":{"line":99,"column":68}},"39":{"start":{"line":81,"column":13},"end":{"line":81,"column":28}},"40":{"start":{"line":108,"column":28},"end":{"line":123,"column":2}},"41":{"start":{"line":109,"column":19},"end":{"line":123,"column":2}},"42":{"start":{"line":110,"column":4},"end":{"line":122,"column":5}},"43":{"start":{"line":111,"column":21},"end":{"line":111,"column":31}},"44":{"start":{"line":112,"column":30},"end":{"line":112,"column":74}},"45":{"start":{"line":113,"column":8},"end":{"line":118,"column":9}},"46":{"start":{"line":114,"column":12},"end":{"line":114,"column":76}},"47":{"start":{"line":117,"column":12},"end":{"line":117,"column":64}},"48":{"start":{"line":121,"column":8},"end":{"line":121,"column":68}},"49":{"start":{"line":108,"column":13},"end":{"line":108,"column":28}}},"fnMap":{"0":{"name":"(anonymous_16)","decl":{"start":{"line":9,"column":28},"end":{"line":9,"column":35}},"loc":{"start":{"line":10,"column":19},"end":{"line":30,"column":2}}},"1":{"name":"(anonymous_17)","decl":{"start":{"line":10,"column":19},"end":{"line":10,"column":null}},"loc":{"start":{"line":10,"column":19},"end":{"line":30,"column":1}}},"2":{"name":"(anonymous_18)","decl":{"start":{"line":37,"column":30},"end":{"line":37,"column":37}},"loc":{"start":{"line":38,"column":19},"end":{"line":49,"column":2}}},"3":{"name":"(anonymous_19)","decl":{"start":{"line":38,"column":19},"end":{"line":38,"column":null}},"loc":{"start":{"line":38,"column":19},"end":{"line":49,"column":1}}},"4":{"name":"(anonymous_20)","decl":{"start":{"line":56,"column":29},"end":{"line":56,"column":36}},"loc":{"start":{"line":57,"column":19},"end":{"line":74,"column":2}}},"5":{"name":"(anonymous_21)","decl":{"start":{"line":57,"column":19},"end":{"line":57,"column":null}},"loc":{"start":{"line":57,"column":19},"end":{"line":74,"column":1}}},"6":{"name":"(anonymous_22)","decl":{"start":{"line":81,"column":28},"end":{"line":81,"column":35}},"loc":{"start":{"line":82,"column":19},"end":{"line":101,"column":2}}},"7":{"name":"(anonymous_23)","decl":{"start":{"line":82,"column":19},"end":{"line":82,"column":null}},"loc":{"start":{"line":82,"column":19},"end":{"line":101,"column":1}}},"8":{"name":"(anonymous_24)","decl":{"start":{"line":108,"column":28},"end":{"line":108,"column":35}},"loc":{"start":{"line":109,"column":19},"end":{"line":123,"column":2}}},"9":{"name":"(anonymous_25)","decl":{"start":{"line":109,"column":19},"end":{"line":109,"column":null}},"loc":{"start":{"line":109,"column":19},"end":{"line":123,"column":1}}}},"branchMap":{"0":{"loc":{"start":{"line":13,"column":8},"end":{"line":16,"column":9}},"type":"if","locations":[{"start":{"line":13,"column":8},"end":{"line":16,"column":9}},{"start":{},"end":{}}]},"1":{"loc":{"start":{"line":13,"column":12},"end":{"line":13,"column":39}},"type":"binary-expr","locations":[{"start":{"line":13,"column":12},"end":{"line":13,"column":17}},{"start":{"line":13,"column":21},"end":{"line":13,"column":29}},{"start":{"line":13,"column":33},"end":{"line":13,"column":39}}]},"2":{"loc":{"start":{"line":61,"column":8},"end":{"line":69,"column":9}},"type":"if","locations":[{"start":{"line":61,"column":8},"end":{"line":69,"column":9}},{"start":{"line":67,"column":12},"end":{"line":69,"column":9}}]},"3":{"loc":{"start":{"line":88,"column":8},"end":{"line":96,"column":9}},"type":"if","locations":[{"start":{"line":88,"column":8},"end":{"line":96,"column":9}},{"start":{"line":94,"column":12},"end":{"line":96,"column":9}}]},"4":{"loc":{"start":{"line":113,"column":8},"end":{"line":118,"column":9}},"type":"if","locations":[{"start":{"line":113,"column":8},"end":{"line":118,"column":9}},{"start":{"line":116,"column":12},"end":{"line":118,"column":9}}]}},"s":{"0":0,"1":0,"2":0,"3":0,"4":0,"5":0,"6":0,"7":0,"8":0,"9":0,"10":0,"11":0,"12":0,"13":0,"14":0,"15":0,"16":0,"17":0,"18":0,"19":0,"20":0,"21":0,"22":0,"23":0,"24":0,"25":0,"26":0,"27":0,"28":0,"29":0,"30":0,"31":0,"32":0,"33":0,"34":0,"35":0,"36":0,"37":0,"38":0,"39":0,"40":0,"41":0,"42":0,"43":0,"44":0,"45":0,"46":0,"47":0,"48":0,"49":0},"f":{"0":0,"1":0,"2":0,"3":0,"4":0,"5":0,"6":0,"7":0,"8":0,"9":0},"b":{"0":[0,0],"1":[0,0,0],"2":[0,0],"3":[0,0],"4":[0,0]}}
,"C:\\Users\\manki\\Assignmnet-2-BED\\src\\api\\v1\\middleware\\logRequest.ts": {"path":"C:\\Users\\manki\\Assignmnet-2-BED\\src\\api\\v1\\middleware\\logRequest.ts","statementMap":{"0":{"start":{"line":3,"column":26},"end":{"line":8,"column":1}},"1":{"start":{"line":4,"column":1},"end":{"line":4,"column":51}},"2":{"start":{"line":5,"column":3},"end":{"line":5,"column":40}},"3":{"start":{"line":6,"column":1},"end":{"line":6,"column":32}},"4":{"start":{"line":7,"column":1},"end":{"line":7,"column":8}},"5":{"start":{"line":3,"column":13},"end":{"line":3,"column":26}}},"fnMap":{"0":{"name":"(anonymous_0)","decl":{"start":{"line":3,"column":26},"end":{"line":3,"column":27}},"loc":{"start":{"line":3,"column":78},"end":{"line":8,"column":1}}}},"branchMap":{},"s":{"0":0,"1":0,"2":0,"3":0,"4":0,"5":0},"f":{"0":0},"b":{}}
,"C:\\Users\\manki\\Assignmnet-2-BED\\src\\api\\v1\\middleware\\validatorMiddleware.ts": {"path":"C:\\Users\\manki\\Assignmnet-2-BED\\src\\api\\v1\\middleware\\validatorMiddleware.ts","statementMap":{"0":{"start":{"line":2,"column":0},"end":{"line":2,"column":72}},"1":{"start":{"line":3,"column":0},"end":{"line":3,"column":68}},"2":{"start":{"line":5,"column":38},"end":{"line":15,"column":1}},"3":{"start":{"line":6,"column":20},"end":{"line":6,"column":82}},"4":{"start":{"line":8,"column":4},"end":{"line":13,"column":5}},"5":{"start":{"line":9,"column":8},"end":{"line":12,"column":11}},"6":{"start":{"line":11,"column":44},"end":{"line":11,"column":53}},"7":{"start":{"line":14,"column":4},"end":{"line":14,"column":11}},"8":{"start":{"line":5,"column":13},"end":{"line":5,"column":38}},"9":{"start":{"line":17,"column":36},"end":{"line":27,"column":1}},"10":{"start":{"line":18,"column":20},"end":{"line":18,"column":80}},"11":{"start":{"line":20,"column":4},"end":{"line":25,"column":5}},"12":{"start":{"line":21,"column":8},"end":{"line":24,"column":11}},"13":{"start":{"line":23,"column":44},"end":{"line":23,"column":53}},"14":{"start":{"line":26,"column":4},"end":{"line":26,"column":11}},"15":{"start":{"line":17,"column":13},"end":{"line":17,"column":36}}},"fnMap":{"0":{"name":"(anonymous_0)","decl":{"start":{"line":5,"column":38},"end":{"line":5,"column":39}},"loc":{"start":{"line":5,"column":90},"end":{"line":15,"column":1}}},"1":{"name":"(anonymous_1)","decl":{"start":{"line":11,"column":39},"end":{"line":11,"column":40}},"loc":{"start":{"line":11,"column":44},"end":{"line":11,"column":53}}},"2":{"name":"(anonymous_2)","decl":{"start":{"line":17,"column":36},"end":{"line":17,"column":37}},"loc":{"start":{"line":17,"column":88},"end":{"line":27,"column":1}}},"3":{"name":"(anonymous_3)","decl":{"start":{"line":23,"column":39},"end":{"line":23,"column":40}},"loc":{"start":{"line":23,"column":44},"end":{"line":23,"column":53}}}},"branchMap":{"0":{"loc":{"start":{"line":8,"column":4},"end":{"line":13,"column":5}},"type":"if","locations":[{"start":{"line":8,"column":4},"end":{"line":13,"column":5}},{"start":{},"end":{}}]},"1":{"loc":{"start":{"line":20,"column":4},"end":{"line":25,"column":5}},"type":"if","locations":[{"start":{"line":20,"column":4},"end":{"line":25,"column":5}},{"start":{},"end":{}}]}},"s":{"0":0,"1":0,"2":0,"3":0,"4":0,"5":0,"6":0,"7":0,"8":0,"9":0,"10":0,"11":0,"12":0,"13":0,"14":0,"15":0},"f":{"0":0,"1":0,"2":0,"3":0},"b":{"0":[0,0],"1":[0,0]}}
,"C:\\Users\\manki\\Assignmnet-2-BED\\src\\api\\v1\\models\\responseModel.ts": {"path":"C:\\Users\\manki\\Assignmnet-2-BED\\src\\api\\v1\\models\\responseModel.ts","statementMap":{"0":{"start":{"line":21,"column":31},"end":{"line":28,"column":2}},"1":{"start":{"line":24,"column":22},"end":{"line":28,"column":2}},"2":{"start":{"line":21,"column":13},"end":{"line":21,"column":31}},"3":{"start":{"line":37,"column":29},"end":{"line":44,"column":2}},"4":{"start":{"line":40,"column":22},"end":{"line":44,"column":2}},"5":{"start":{"line":37,"column":13},"end":{"line":37,"column":29}}},"fnMap":{"0":{"name":"(anonymous_0)","decl":{"start":{"line":21,"column":31},"end":{"line":21,"column":null}},"loc":{"start":{"line":24,"column":22},"end":{"line":28,"column":2}}},"1":{"name":"(anonymous_1)","decl":{"start":{"line":37,"column":29},"end":{"line":37,"column":null}},"loc":{"start":{"line":40,"column":22},"end":{"line":44,"column":2}}}},"branchMap":{},"s":{"0":0,"1":0,"2":0,"3":0,"4":0,"5":0},"f":{"0":0,"1":0},"b":{}}
,"C:\\Users\\manki\\Assignmnet-2-BED\\src\\api\\v1\\routes\\branchRoute.ts": {"path":"C:\\Users\\manki\\Assignmnet-2-BED\\src\\api\\v1\\routes\\branchRoute.ts","statementMap":{"0":{"start":{"line":1,"column":0},"end":{"line":1,"column":42}},"1":{"start":{"line":2,"column":0},"end":{"line":2,"column":null}},"2":{"start":{"line":10,"column":23},"end":{"line":10,"column":39}},"3":{"start":{"line":12,"column":0},"end":{"line":12,"column":40}},"4":{"start":{"line":13,"column":0},"end":{"line":13,"column":43}},"5":{"start":{"line":14,"column":0},"end":{"line":14,"column":39}},"6":{"start":{"line":15,"column":0},"end":{"line":15,"column":42}},"7":{"start":{"line":16,"column":0},"end":{"line":16,"column":45}},"8":{"start":{"line":18,"column":0},"end":{"line":18,"column":22}}},"fnMap":{},"branchMap":{},"s":{"0":0,"1":0,"2":0,"3":0,"4":0,"5":0,"6":0,"7":0,"8":0},"f":{},"b":{}}
,"C:\\Users\\manki\\Assignmnet-2-BED\\src\\api\\v1\\routes\\employeeRoute.ts": {"path":"C:\\Users\\manki\\Assignmnet-2-BED\\src\\api\\v1\\routes\\employeeRoute.ts","statementMap":{"0":{"start":{"line":1,"column":0},"end":{"line":1,"column":42}},"1":{"start":{"line":2,"column":0},"end":{"line":2,"column":null}},"2":{"start":{"line":12,"column":23},"end":{"line":12,"column":39}},"3":{"start":{"line":14,"column":0},"end":{"line":14,"column":42}},"4":{"start":{"line":15,"column":0},"end":{"line":15,"column":46}},"5":{"start":{"line":16,"column":0},"end":{"line":16,"column":42}},"6":{"start":{"line":17,"column":0},"end":{"line":17,"column":45}},"7":{"start":{"line":18,"column":0},"end":{"line":18,"column":48}},"8":{"start":{"line":19,"column":0},"end":{"line":19,"column":69}},"9":{"start":{"line":20,"column":0},"end":{"line":20,"column":79}},"10":{"start":{"line":22,"column":0},"end":{"line":22,"column":22}}},"fnMap":{},"branchMap":{},"s":{"0":0,"1":0,"2":0,"3":0,"4":0,"5":0,"6":0,"7":0,"8":0,"9":0,"10":0},"f":{},"b":{}}
,"C:\\Users\\manki\\Assignmnet-2-BED\\src\\api\\v1\\validators\\branchValidators.ts": {"path":"C:\\Users\\manki\\Assignmnet-2-BED\\src\\api\\v1\\validators\\branchValidators.ts","statementMap":{"0":{"start":{"line":1,"column":0},"end":{"line":1,"column":22}},"1":{"start":{"line":3,"column":13},"end":{"line":7,"column":3}}},"fnMap":{},"branchMap":{},"s":{"0":0,"1":0},"f":{},"b":{}}
,"C:\\Users\\manki\\Assignmnet-2-BED\\src\\api\\v1\\validators\\employeeValidators.ts": {"path":"C:\\Users\\manki\\Assignmnet-2-BED\\src\\api\\v1\\validators\\employeeValidators.ts","statementMap":{"0":{"start":{"line":1,"column":0},"end":{"line":1,"column":22}},"1":{"start":{"line":3,"column":13},"end":{"line":10,"column":3}}},"fnMap":{},"branchMap":{},"s":{"0":0,"1":0},"f":{},"b":{}}
,"C:\\Users\\manki\\Assignmnet-2-BED\\src\\data\\branches.ts": {"path":"C:\\Users\\manki\\Assignmnet-2-BED\\src\\data\\branches.ts","statementMap":{"0":{"start":{"line":11,"column":13},"end":{"line":22,"column":2}}},"fnMap":{},"branchMap":{},"s":{"0":0},"f":{},"b":{}}
,"C:\\Users\\manki\\Assignmnet-2-BED\\src\\data\\employee.ts": {"path":"C:\\Users\\manki\\Assignmnet-2-BED\\src\\data\\employee.ts","statementMap":{"0":{"start":{"line":14,"column":13},"end":{"line":50,"column":2}}},"fnMap":{},"branchMap":{},"s":{"0":0},"f":{},"b":{}}
}
