{"C:\\Users\\manki\\Assignmnet-2-BED\\src\\app.ts": {"path":"C:\\Users\\manki\\Assignmnet-2-BED\\src\\app.ts","statementMap":{"0":{"start":{"line":1,"column":0},"end":{"line":1,"column":43}},"1":{"start":{"line":2,"column":0},"end":{"line":2,"column":28}},"2":{"start":{"line":3,"column":0},"end":{"line":3,"column":63}},"3":{"start":{"line":4,"column":0},"end":{"line":4,"column":59}},"4":{"start":{"line":6,"column":21},"end":{"line":6,"column":30}},"5":{"start":{"line":8,"column":0},"end":{"line":8,"column":28}},"6":{"start":{"line":9,"column":0},"end":{"line":9,"column":24}},"7":{"start":{"line":11,"column":0},"end":{"line":18,"column":3}},"8":{"start":{"line":12,"column":4},"end":{"line":17,"column":7}},"9":{"start":{"line":20,"column":0},"end":{"line":20,"column":34}},"10":{"start":{"line":21,"column":0},"end":{"line":21,"column":32}},"11":{"start":{"line":23,"column":0},"end":{"line":26,"column":3}},"12":{"start":{"line":24,"column":14},"end":{"line":24,"column":38}},"13":{"start":{"line":25,"column":2},"end":{"line":25,"column":41}},"14":{"start":{"line":29,"column":0},"end":{"line":29,"column":19}}},"fnMap":{"0":{"name":"(anonymous_1)","decl":{"start":{"line":11,"column":26},"end":{"line":11,"column":27}},"loc":{"start":{"line":11,"column":39},"end":{"line":18,"column":1}}},"1":{"name":"(anonymous_2)","decl":{"start":{"line":23,"column":17},"end":{"line":23,"column":18}},"loc":{"start":{"line":23,"column":30},"end":{"line":26,"column":1}}}},"branchMap":{},"s":{"0":0,"1":0,"2":0,"3":0,"4":0,"5":0,"6":0,"7":0,"8":0,"9":0,"10":0,"11":0,"12":0,"13":0,"14":0},"f":{"0":0,"1":0},"b":{}}
,"C:\\Users\\manki\\Assignmnet-2-BED\\src\\api\\v1\\controllers\\branchController.ts": {"path":"C:\\Users\\manki\\Assignmnet-2-BED\\src\\api\\v1\\controllers\\branchController.ts","statementMap":{"0":{"start":{"line":2,"column":0},"end":{"line":2,"column":59}},"1":{"start":{"line":9,"column":28},"end":{"line":30,"column":2}},"2":{"start":{"line":10,"column":19},"end":{"line":30,"column":2}},"3":{"start":{"line":11,"column":4},"end":{"line":29,"column":5}},"4":{"start":{"line":12,"column":39},"end":{"line":12,"column":47}},"5":{"start":{"line":13,"column":8},"end":{"line":16,"column":9}},"6":{"start":{"line":14,"column":12},"end":{"line":14,"column":63}},"7":{"start":{"line":15,"column":12},"end":{"line":15,"column":19}},"8":{"start":{"line":17,"column":26},"end":{"line":21,"column":10}},"9":{"start":{"line":22,"column":8},"end":{"line":25,"column":11}},"10":{"start":{"line":28,"column":8},"end":{"line":28,"column":69}},"11":{"start":{"line":9,"column":13},"end":{"line":9,"column":28}},"12":{"start":{"line":37,"column":30},"end":{"line":49,"column":2}},"13":{"start":{"line":38,"column":19},"end":{"line":49,"column":2}},"14":{"start":{"line":39,"column":4},"end":{"line":48,"column":5}},"15":{"start":{"line":40,"column":25},"end":{"line":40,"column":61}},"16":{"start":{"line":41,"column":8},"end":{"line":44,"column":11}},"17":{"start":{"line":47,"column":8},"end":{"line":47,"column":72}},"18":{"start":{"line":37,"column":13},"end":{"line":37,"column":30}},"19":{"start":{"line":56,"column":29},"end":{"line":74,"column":2}},"20":{"start":{"line":57,"column":19},"end":{"line":74,"column":2}},"21":{"start":{"line":58,"column":4},"end":{"line":73,"column":5}},"22":{"start":{"line":59,"column":21},"end":{"line":59,"column":31}},"23":{"start":{"line":60,"column":23},"end":{"line":60,"column":68}},"24":{"start":{"line":61,"column":8},"end":{"line":69,"column":9}},"25":{"start":{"line":62,"column":12},"end":{"line":65,"column":15}},"26":{"start":{"line":68,"column":12},"end":{"line":68,"column":65}},"27":{"start":{"line":72,"column":8},"end":{"line":72,"column":70}},"28":{"start":{"line":56,"column":13},"end":{"line":56,"column":29}},"29":{"start":{"line":81,"column":28},"end":{"line":101,"column":2}},"30":{"start":{"line":82,"column":19},"end":{"line":101,"column":2}},"31":{"start":{"line":83,"column":4},"end":{"line":100,"column":5}},"32":{"start":{"line":84,"column":21},"end":{"line":84,"column":31}},"33":{"start":{"line":85,"column":28},"end":{"line":85,"column":36}},"34":{"start":{"line":87,"column":12},"end":{"line":87,"column":69}},"35":{"start":{"line":88,"column":8},"end":{"line":96,"column":9}},"36":{"start":{"line":89,"column":12},"end":{"line":92,"column":15}},"37":{"start":{"line":95,"column":12},"end":{"line":95,"column":65}},"38":{"start":{"line":99,"column":8},"end":{"line":99,"column":68}},"39":{"start":{"line":81,"column":13},"end":{"line":81,"column":28}},"40":{"start":{"line":108,"column":28},"end":{"line":123,"column":2}},"41":{"start":{"line":109,"column":19},"end":{"line":123,"column":2}},"42":{"start":{"line":110,"column":4},"end":{"line":122,"column":5}},"43":{"start":{"line":111,"column":21},"end":{"line":111,"column":31}},"44":{"start":{"line":112,"column":30},"end":{"line":112,"column":74}},"45":{"start":{"line":113,"column":8},"end":{"line":118,"column":9}},"46":{"start":{"line":114,"column":12},"end":{"line":114,"column":76}},"47":{"start":{"line":117,"column":12},"end":{"line":117,"column":64}},"48":{"start":{"line":121,"column":8},"end":{"line":121,"column":68}},"49":{"start":{"line":108,"column":13},"end":{"line":108,"column":28}}},"fnMap":{"0":{"name":"(anonymous_16)","decl":{"start":{"line":9,"column":28},"end":{"line":9,"column":35}},"loc":{"start":{"line":10,"column":19},"end":{"line":30,"column":2}}},"1":{"name":"(anonymous_17)","decl":{"start":{"line":10,"column":19},"end":{"line":10,"column":null}},"loc":{"start":{"line":10,"column":19},"end":{"line":30,"column":1}}},"2":{"name":"(anonymous_18)","decl":{"start":{"line":37,"column":30},"end":{"line":37,"column":37}},"loc":{"start":{"line":38,"column":19},"end":{"line":49,"column":2}}},"3":{"name":"(anonymous_19)","decl":{"start":{"line":38,"column":19},"end":{"line":38,"column":null}},"loc":{"start":{"line":38,"column":19},"end":{"line":49,"column":1}}},"4":{"name":"(anonymous_20)","decl":{"start":{"line":56,"column":29},"end":{"line":56,"column":36}},"loc":{"start":{"line":57,"column":19},"end":{"line":74,"column":2}}},"5":{"name":"(anonymous_21)","decl":{"start":{"line":57,"column":19},"end":{"line":57,"column":null}},"loc":{"start":{"line":57,"column":19},"end":{"line":74,"column":1}}},"6":{"name":"(anonymous_22)","decl":{"start":{"line":81,"column":28},"end":{"line":81,"column":35}},"loc":{"start":{"line":82,"column":19},"end":{"line":101,"column":2}}},"7":{"name":"(anonymous_23)","decl":{"start":{"line":82,"column":19},"end":{"line":82,"column":null}},"loc":{"start":{"line":82,"column":19},"end":{"line":101,"column":1}}},"8":{"name":"(anonymous_24)","decl":{"start":{"line":108,"column":28},"end":{"line":108,"column":35}},"loc":{"start":{"line":109,"column":19},"end":{"line":123,"column":2}}},"9":{"name":"(anonymous_25)","decl":{"start":{"line":109,"column":19},"end":{"line":109,"column":null}},"loc":{"start":{"line":109,"column":19},"end":{"line":123,"column":1}}}},"branchMap":{"0":{"loc":{"start":{"line":13,"column":8},"end":{"line":16,"column":9}},"type":"if","locations":[{"start":{"line":13,"column":8},"end":{"line":16,"column":9}},{"start":{},"end":{}}]},"1":{"loc":{"start":{"line":13,"column":12},"end":{"line":13,"column":39}},"type":"binary-expr","locations":[{"start":{"line":13,"column":12},"end":{"line":13,"column":17}},{"start":{"line":13,"column":21},"end":{"line":13,"column":29}},{"start":{"line":13,"column":33},"end":{"line":13,"column":39}}]},"2":{"loc":{"start":{"line":61,"column":8},"end":{"line":69,"column":9}},"type":"if","locations":[{"start":{"line":61,"column":8},"end":{"line":69,"column":9}},{"start":{"line":67,"column":12},"end":{"line":69,"column":9}}]},"3":{"loc":{"start":{"line":88,"column":8},"end":{"line":96,"column":9}},"type":"if","locations":[{"start":{"line":88,"column":8},"end":{"line":96,"column":9}},{"start":{"line":94,"column":12},"end":{"line":96,"column":9}}]},"4":{"loc":{"start":{"line":113,"column":8},"end":{"line":118,"column":9}},"type":"if","locations":[{"start":{"line":113,"column":8},"end":{"line":118,"column":9}},{"start":{"line":116,"column":12},"end":{"line":118,"column":9}}]}},"s":{"0":0,"1":0,"2":0,"3":0,"4":0,"5":0,"6":0,"7":0,"8":0,"9":0,"10":0,"11":0,"12":0,"13":0,"14":0,"15":0,"16":0,"17":0,"18":0,"19":0,"20":0,"21":0,"22":0,"23":0,"24":0,"25":0,"26":0,"27":0,"28":0,"29":0,"30":0,"31":0,"32":0,"33":0,"34":0,"35":0,"36":0,"37":0,"38":0,"39":0,"40":0,"41":0,"42":0,"43":0,"44":0,"45":0,"46":0,"47":0,"48":0,"49":0},"f":{"0":0,"1":0,"2":0,"3":0,"4":0,"5":0,"6":0,"7":0,"8":0,"9":0},"b":{"0":[0,0],"1":[0,0,0],"2":[0,0],"3":[0,0],"4":[0,0]}}
,"C:\\Users\\manki\\Assignmnet-2-BED\\src\\api\\v1\\controllers\\employeeController.ts": {"path":"C:\\Users\\manki\\Assignmnet-2-BED\\src\\api\\v1\\controllers\\employeeController.ts","statementMap":{"0":{"start":{"line":2,"column":0},"end":{"line":2,"column":63}},"1":{"start":{"line":9,"column":30},"end":{"line":33,"column":2}},"2":{"start":{"line":10,"column":19},"end":{"line":33,"column":2}},"3":{"start":{"line":11,"column":4},"end":{"line":32,"column":5}},"4":{"start":{"line":12,"column":69},"end":{"line":12,"column":77}},"5":{"start":{"line":13,"column":8},"end":{"line":16,"column":9}},"6":{"start":{"line":14,"column":12},"end":{"line":14,"column":63}},"7":{"start":{"line":15,"column":12},"end":{"line":15,"column":19}},"8":{"start":{"line":17,"column":28},"end":{"line":24,"column":10}},"9":{"start":{"line":25,"column":8},"end":{"line":28,"column":11}},"10":{"start":{"line":31,"column":8},"end":{"line":31,"column":71}},"11":{"start":{"line":9,"column":13},"end":{"line":9,"column":30}},"12":{"start":{"line":40,"column":31},"end":{"line":52,"column":2}},"13":{"start":{"line":41,"column":19},"end":{"line":52,"column":2}},"14":{"start":{"line":42,"column":4},"end":{"line":51,"column":5}},"15":{"start":{"line":43,"column":26},"end":{"line":43,"column":65}},"16":{"start":{"line":44,"column":8},"end":{"line":47,"column":11}},"17":{"start":{"line":50,"column":8},"end":{"line":50,"column":73}},"18":{"start":{"line":40,"column":13},"end":{"line":40,"column":31}},"19":{"start":{"line":59,"column":31},"end":{"line":78,"column":2}},"20":{"start":{"line":60,"column":19},"end":{"line":78,"column":2}},"21":{"start":{"line":61,"column":4},"end":{"line":77,"column":5}},"22":{"start":{"line":62,"column":21},"end":{"line":62,"column":31}},"23":{"start":{"line":63,"column":25},"end":{"line":63,"column":74}},"24":{"start":{"line":64,"column":8},"end":{"line":73,"column":9}},"25":{"start":{"line":65,"column":12},"end":{"line":68,"column":15}},"26":{"start":{"line":71,"column":12},"end":{"line":71,"column":69}},"27":{"start":{"line":76,"column":8},"end":{"line":76,"column":72}},"28":{"start":{"line":59,"column":13},"end":{"line":59,"column":31}},"29":{"start":{"line":85,"column":30},"end":{"line":105,"column":2}},"30":{"start":{"line":86,"column":19},"end":{"line":105,"column":2}},"31":{"start":{"line":87,"column":4},"end":{"line":104,"column":5}},"32":{"start":{"line":88,"column":21},"end":{"line":88,"column":31}},"33":{"start":{"line":89,"column":28},"end":{"line":89,"column":36}},"34":{"start":{"line":91,"column":12},"end":{"line":91,"column":73}},"35":{"start":{"line":92,"column":8},"end":{"line":100,"column":9}},"36":{"start":{"line":93,"column":12},"end":{"line":96,"column":15}},"37":{"start":{"line":99,"column":12},"end":{"line":99,"column":67}},"38":{"start":{"line":103,"column":8},"end":{"line":103,"column":70}},"39":{"start":{"line":85,"column":13},"end":{"line":85,"column":30}},"40":{"start":{"line":112,"column":30},"end":{"line":127,"column":2}},"41":{"start":{"line":113,"column":19},"end":{"line":127,"column":2}},"42":{"start":{"line":114,"column":4},"end":{"line":126,"column":5}},"43":{"start":{"line":115,"column":21},"end":{"line":115,"column":31}},"44":{"start":{"line":116,"column":32},"end":{"line":116,"column":80}},"45":{"start":{"line":117,"column":8},"end":{"line":122,"column":9}},"46":{"start":{"line":118,"column":12},"end":{"line":118,"column":78}},"47":{"start":{"line":121,"column":12},"end":{"line":121,"column":66}},"48":{"start":{"line":125,"column":8},"end":{"line":125,"column":70}},"49":{"start":{"line":112,"column":13},"end":{"line":112,"column":30}},"50":{"start":{"line":134,"column":41},"end":{"line":154,"column":2}},"51":{"start":{"line":135,"column":19},"end":{"line":154,"column":2}},"52":{"start":{"line":136,"column":4},"end":{"line":153,"column":5}},"53":{"start":{"line":137,"column":27},"end":{"line":137,"column":37}},"54":{"start":{"line":139,"column":8},"end":{"line":142,"column":9}},"55":{"start":{"line":140,"column":12},"end":{"line":140,"column":69}},"56":{"start":{"line":141,"column":12},"end":{"line":141,"column":19}},"57":{"start":{"line":143,"column":36},"end":{"line":143,"column":101}},"58":{"start":{"line":144,"column":8},"end":{"line":149,"column":9}},"59":{"start":{"line":145,"column":13},"end":{"line":148,"column":16}},"60":{"start":{"line":152,"column":8},"end":{"line":152,"column":73}},"61":{"start":{"line":134,"column":13},"end":{"line":134,"column":41}},"62":{"start":{"line":161,"column":45},"end":{"line":181,"column":2}},"63":{"start":{"line":162,"column":19},"end":{"line":181,"column":2}},"64":{"start":{"line":163,"column":4},"end":{"line":180,"column":5}},"65":{"start":{"line":164,"column":29},"end":{"line":164,"column":39}},"66":{"start":{"line":166,"column":8},"end":{"line":169,"column":9}},"67":{"start":{"line":167,"column":12},"end":{"line":167,"column":69}},"68":{"start":{"line":168,"column":12},"end":{"line":168,"column":19}},"69":{"start":{"line":170,"column":40},"end":{"line":170,"column":103}},"70":{"start":{"line":171,"column":8},"end":{"line":176,"column":9}},"71":{"start":{"line":172,"column":13},"end":{"line":175,"column":16}},"72":{"start":{"line":179,"column":8},"end":{"line":179,"column":73}},"73":{"start":{"line":161,"column":13},"end":{"line":161,"column":45}}},"fnMap":{"0":{"name":"(anonymous_16)","decl":{"start":{"line":9,"column":30},"end":{"line":9,"column":37}},"loc":{"start":{"line":10,"column":19},"end":{"line":33,"column":2}}},"1":{"name":"(anonymous_17)","decl":{"start":{"line":10,"column":19},"end":{"line":10,"column":null}},"loc":{"start":{"line":10,"column":19},"end":{"line":33,"column":1}}},"2":{"name":"(anonymous_18)","decl":{"start":{"line":40,"column":31},"end":{"line":40,"column":38}},"loc":{"start":{"line":41,"column":19},"end":{"line":52,"column":2}}},"3":{"name":"(anonymous_19)","decl":{"start":{"line":41,"column":19},"end":{"line":41,"column":null}},"loc":{"start":{"line":41,"column":19},"end":{"line":52,"column":1}}},"4":{"name":"(anonymous_20)","decl":{"start":{"line":59,"column":31},"end":{"line":59,"column":38}},"loc":{"start":{"line":60,"column":19},"end":{"line":78,"column":2}}},"5":{"name":"(anonymous_21)","decl":{"start":{"line":60,"column":19},"end":{"line":60,"column":null}},"loc":{"start":{"line":60,"column":19},"end":{"line":78,"column":1}}},"6":{"name":"(anonymous_22)","decl":{"start":{"line":85,"column":30},"end":{"line":85,"column":37}},"loc":{"start":{"line":86,"column":19},"end":{"line":105,"column":2}}},"7":{"name":"(anonymous_23)","decl":{"start":{"line":86,"column":19},"end":{"line":86,"column":null}},"loc":{"start":{"line":86,"column":19},"end":{"line":105,"column":1}}},"8":{"name":"(anonymous_24)","decl":{"start":{"line":112,"column":30},"end":{"line":112,"column":37}},"loc":{"start":{"line":113,"column":19},"end":{"line":127,"column":2}}},"9":{"name":"(anonymous_25)","decl":{"start":{"line":113,"column":19},"end":{"line":113,"column":null}},"loc":{"start":{"line":113,"column":19},"end":{"line":127,"column":1}}},"10":{"name":"(anonymous_26)","decl":{"start":{"line":134,"column":41},"end":{"line":134,"column":48}},"loc":{"start":{"line":135,"column":19},"end":{"line":154,"column":2}}},"11":{"name":"(anonymous_27)","decl":{"start":{"line":135,"column":19},"end":{"line":135,"column":null}},"loc":{"start":{"line":135,"column":19},"end":{"line":154,"column":1}}},"12":{"name":"(anonymous_28)","decl":{"start":{"line":161,"column":45},"end":{"line":161,"column":52}},"loc":{"start":{"line":162,"column":19},"end":{"line":181,"column":2}}},"13":{"name":"(anonymous_29)","decl":{"start":{"line":162,"column":19},"end":{"line":162,"column":null}},"loc":{"start":{"line":162,"column":19},"end":{"line":181,"column":1}}}},"branchMap":{"0":{"loc":{"start":{"line":13,"column":8},"end":{"line":16,"column":9}},"type":"if","locations":[{"start":{"line":13,"column":8},"end":{"line":16,"column":9}},{"start":{},"end":{}}]},"1":{"loc":{"start":{"line":13,"column":12},"end":{"line":13,"column":87}},"type":"binary-expr","locations":[{"start":{"line":13,"column":12},"end":{"line":13,"column":17}},{"start":{"line":13,"column":21},"end":{"line":13,"column":31}},{"start":{"line":13,"column":35},"end":{"line":13,"column":46}},{"start":{"line":13,"column":50},"end":{"line":13,"column":56}},{"start":{"line":13,"column":61},"end":{"line":13,"column":67}},{"start":{"line":13,"column":71},"end":{"line":13,"column":87}}]},"2":{"loc":{"start":{"line":64,"column":8},"end":{"line":73,"column":9}},"type":"if","locations":[{"start":{"line":64,"column":8},"end":{"line":73,"column":9}},{"start":{"line":70,"column":12},"end":{"line":73,"column":9}}]},"3":{"loc":{"start":{"line":92,"column":8},"end":{"line":100,"column":9}},"type":"if","locations":[{"start":{"line":92,"column":8},"end":{"line":100,"column":9}},{"start":{"line":98,"column":12},"end":{"line":100,"column":9}}]},"4":{"loc":{"start":{"line":117,"column":8},"end":{"line":122,"column":9}},"type":"if","locations":[{"start":{"line":117,"column":8},"end":{"line":122,"column":9}},{"start":{"line":120,"column":12},"end":{"line":122,"column":9}}]},"5":{"loc":{"start":{"line":139,"column":8},"end":{"line":142,"column":9}},"type":"if","locations":[{"start":{"line":139,"column":8},"end":{"line":142,"column":9}},{"start":{},"end":{}}]},"6":{"loc":{"start":{"line":144,"column":8},"end":{"line":149,"column":9}},"type":"if","locations":[{"start":{"line":144,"column":8},"end":{"line":149,"column":9}},{"start":{},"end":{}}]},"7":{"loc":{"start":{"line":166,"column":8},"end":{"line":169,"column":9}},"type":"if","locations":[{"start":{"line":166,"column":8},"end":{"line":169,"column":9}},{"start":{},"end":{}}]},"8":{"loc":{"start":{"line":171,"column":8},"end":{"line":176,"column":9}},"type":"if","locations":[{"start":{"line":171,"column":8},"end":{"line":176,"column":9}},{"start":{},"end":{}}]}},"s":{"0":0,"1":0,"2":0,"3":0,"4":0,"5":0,"6":0,"7":0,"8":0,"9":0,"10":0,"11":0,"12":0,"13":0,"14":0,"15":0,"16":0,"17":0,"18":0,"19":0,"20":0,"21":0,"22":0,"23":0,"24":0,"25":0,"26":0,"27":0,"28":0,"29":0,"30":0,"31":0,"32":0,"33":0,"34":0,"35":0,"36":0,"37":0,"38":0,"39":0,"40":0,"41":0,"42":0,"43":0,"44":0,"45":0,"46":0,"47":0,"48":0,"49":0,"50":0,"51":0,"52":0,"53":0,"54":0,"55":0,"56":0,"57":0,"58":0,"59":0,"60":0,"61":0,"62":0,"63":0,"64":0,"65":0,"66":0,"67":0,"68":0,"69":0,"70":0,"71":0,"72":0,"73":0},"f":{"0":0,"1":0,"2":0,"3":0,"4":0,"5":0,"6":0,"7":0,"8":0,"9":0,"10":0,"11":0,"12":0,"13":0},"b":{"0":[0,0],"1":[0,0,0,0,0,0],"2":[0,0],"3":[0,0],"4":[0,0],"5":[0,0],"6":[0,0],"7":[0,0],"8":[0,0]}}
,"C:\\Users\\manki\\Assignmnet-2-BED\\src\\api\\v1\\routes\\branchRoute.ts": {"path":"C:\\Users\\manki\\Assignmnet-2-BED\\src\\api\\v1\\routes\\branchRoute.ts","statementMap":{"0":{"start":{"line":1,"column":0},"end":{"line":1,"column":42}},"1":{"start":{"line":2,"column":0},"end":{"line":2,"column":null}},"2":{"start":{"line":10,"column":23},"end":{"line":10,"column":39}},"3":{"start":{"line":12,"column":0},"end":{"line":12,"column":40}},"4":{"start":{"line":13,"column":0},"end":{"line":13,"column":43}},"5":{"start":{"line":14,"column":0},"end":{"line":14,"column":39}},"6":{"start":{"line":15,"column":0},"end":{"line":15,"column":42}},"7":{"start":{"line":16,"column":0},"end":{"line":16,"column":45}},"8":{"start":{"line":18,"column":0},"end":{"line":18,"column":22}}},"fnMap":{},"branchMap":{},"s":{"0":0,"1":0,"2":0,"3":0,"4":0,"5":0,"6":0,"7":0,"8":0},"f":{},"b":{}}
,"C:\\Users\\manki\\Assignmnet-2-BED\\src\\api\\v1\\routes\\employeeRoute.ts": {"path":"C:\\Users\\manki\\Assignmnet-2-BED\\src\\api\\v1\\routes\\employeeRoute.ts","statementMap":{"0":{"start":{"line":1,"column":0},"end":{"line":1,"column":42}},"1":{"start":{"line":2,"column":0},"end":{"line":2,"column":null}},"2":{"start":{"line":12,"column":23},"end":{"line":12,"column":39}},"3":{"start":{"line":14,"column":0},"end":{"line":14,"column":42}},"4":{"start":{"line":15,"column":0},"end":{"line":15,"column":46}},"5":{"start":{"line":16,"column":0},"end":{"line":16,"column":42}},"6":{"start":{"line":17,"column":0},"end":{"line":17,"column":45}},"7":{"start":{"line":18,"column":0},"end":{"line":18,"column":48}},"8":{"start":{"line":19,"column":0},"end":{"line":19,"column":69}},"9":{"start":{"line":20,"column":0},"end":{"line":20,"column":79}},"10":{"start":{"line":22,"column":0},"end":{"line":22,"column":22}}},"fnMap":{},"branchMap":{},"s":{"0":0,"1":0,"2":0,"3":0,"4":0,"5":0,"6":0,"7":0,"8":0,"9":0,"10":0},"f":{},"b":{}}
,"C:\\Users\\manki\\Assignmnet-2-BED\\src\\api\\v1\\services\\branchService.ts": {"path":"C:\\Users\\manki\\Assignmnet-2-BED\\src\\api\\v1\\services\\branchService.ts","statementMap":{"0":{"start":{"line":1,"column":0},"end":{"line":1,"column":56}},"1":{"start":{"line":8,"column":30},"end":{"line":10,"column":2}},"2":{"start":{"line":8,"column":60},"end":{"line":10,"column":2}},"3":{"start":{"line":9,"column":4},"end":{"line":9,"column":37}},"4":{"start":{"line":8,"column":13},"end":{"line":8,"column":30}},"5":{"start":{"line":16,"column":29},"end":{"line":23,"column":2}},"6":{"start":{"line":16,"column":79},"end":{"line":23,"column":2}},"7":{"start":{"line":17,"column":4},"end":{"line":21,"column":5}},"8":{"start":{"line":18,"column":8},"end":{"line":20,"column":9}},"9":{"start":{"line":19,"column":12},"end":{"line":19,"column":43}},"10":{"start":{"line":22,"column":4},"end":{"line":22,"column":21}},"11":{"start":{"line":16,"column":13},"end":{"line":16,"column":29}},"12":{"start":{"line":30,"column":28},"end":{"line":39,"column":2}},"13":{"start":{"line":30,"column":86},"end":{"line":39,"column":2}},"14":{"start":{"line":31,"column":30},"end":{"line":36,"column":null}},"15":{"start":{"line":37,"column":4},"end":{"line":37,"column":29}},"16":{"start":{"line":38,"column":4},"end":{"line":38,"column":21}},"17":{"start":{"line":30,"column":13},"end":{"line":30,"column":28}},"18":{"start":{"line":47,"column":28},"end":{"line":63,"column":2}},"19":{"start":{"line":50,"column":33},"end":{"line":63,"column":2}},"20":{"start":{"line":51,"column":26},"end":{"line":51,"column":82}},"21":{"start":{"line":51,"column":65},"end":{"line":51,"column":81}},"22":{"start":{"line":53,"column":4},"end":{"line":55,"column":5}},"23":{"start":{"line":54,"column":8},"end":{"line":54,"column":25}},"24":{"start":{"line":57,"column":4},"end":{"line":60,"column":6}},"25":{"start":{"line":62,"column":4},"end":{"line":62,"column":44}},"26":{"start":{"line":47,"column":13},"end":{"line":47,"column":28}},"27":{"start":{"line":70,"column":28},"end":{"line":79,"column":2}},"28":{"start":{"line":70,"column":78},"end":{"line":79,"column":2}},"29":{"start":{"line":71,"column":26},"end":{"line":71,"column":82}},"30":{"start":{"line":71,"column":65},"end":{"line":71,"column":81}},"31":{"start":{"line":73,"column":4},"end":{"line":75,"column":5}},"32":{"start":{"line":74,"column":8},"end":{"line":74,"column":25}},"33":{"start":{"line":77,"column":4},"end":{"line":77,"column":30}},"34":{"start":{"line":78,"column":4},"end":{"line":78,"column":42}},"35":{"start":{"line":70,"column":13},"end":{"line":70,"column":28}}},"fnMap":{"0":{"name":"(anonymous_7)","decl":{"start":{"line":8,"column":30},"end":{"line":8,"column":58}},"loc":{"start":{"line":8,"column":60},"end":{"line":10,"column":2}}},"1":{"name":"(anonymous_8)","decl":{"start":{"line":8,"column":60},"end":{"line":8,"column":null}},"loc":{"start":{"line":8,"column":60},"end":{"line":10,"column":1}}},"2":{"name":"(anonymous_9)","decl":{"start":{"line":16,"column":29},"end":{"line":16,"column":36}},"loc":{"start":{"line":16,"column":79},"end":{"line":23,"column":2}}},"3":{"name":"(anonymous_10)","decl":{"start":{"line":16,"column":79},"end":{"line":16,"column":null}},"loc":{"start":{"line":16,"column":79},"end":{"line":23,"column":1}}},"4":{"name":"(anonymous_11)","decl":{"start":{"line":30,"column":28},"end":{"line":30,"column":35}},"loc":{"start":{"line":30,"column":86},"end":{"line":39,"column":2}}},"5":{"name":"(anonymous_12)","decl":{"start":{"line":30,"column":86},"end":{"line":30,"column":null}},"loc":{"start":{"line":30,"column":86},"end":{"line":39,"column":1}}},"6":{"name":"(anonymous_13)","decl":{"start":{"line":47,"column":28},"end":{"line":47,"column":null}},"loc":{"start":{"line":50,"column":33},"end":{"line":63,"column":2}}},"7":{"name":"(anonymous_14)","decl":{"start":{"line":50,"column":33},"end":{"line":50,"column":null}},"loc":{"start":{"line":50,"column":33},"end":{"line":63,"column":1}}},"8":{"name":"(anonymous_15)","decl":{"start":{"line":51,"column":45},"end":{"line":51,"column":46}},"loc":{"start":{"line":51,"column":65},"end":{"line":51,"column":81}}},"9":{"name":"(anonymous_16)","decl":{"start":{"line":70,"column":28},"end":{"line":70,"column":35}},"loc":{"start":{"line":70,"column":78},"end":{"line":79,"column":2}}},"10":{"name":"(anonymous_17)","decl":{"start":{"line":70,"column":78},"end":{"line":70,"column":null}},"loc":{"start":{"line":70,"column":78},"end":{"line":79,"column":1}}},"11":{"name":"(anonymous_18)","decl":{"start":{"line":71,"column":45},"end":{"line":71,"column":46}},"loc":{"start":{"line":71,"column":65},"end":{"line":71,"column":81}}}},"branchMap":{"0":{"loc":{"start":{"line":18,"column":8},"end":{"line":20,"column":9}},"type":"if","locations":[{"start":{"line":18,"column":8},"end":{"line":20,"column":9}},{"start":{},"end":{}}]},"1":{"loc":{"start":{"line":53,"column":4},"end":{"line":55,"column":5}},"type":"if","locations":[{"start":{"line":53,"column":4},"end":{"line":55,"column":5}},{"start":{},"end":{}}]},"2":{"loc":{"start":{"line":73,"column":4},"end":{"line":75,"column":5}},"type":"if","locations":[{"start":{"line":73,"column":4},"end":{"line":75,"column":5}},{"start":{},"end":{}}]}},"s":{"0":0,"1":0,"2":0,"3":0,"4":0,"5":0,"6":0,"7":0,"8":0,"9":0,"10":0,"11":0,"12":0,"13":0,"14":0,"15":0,"16":0,"17":0,"18":0,"19":0,"20":0,"21":0,"22":0,"23":0,"24":0,"25":0,"26":0,"27":0,"28":0,"29":0,"30":0,"31":0,"32":0,"33":0,"34":0,"35":0},"f":{"0":0,"1":0,"2":0,"3":0,"4":0,"5":0,"6":0,"7":0,"8":0,"9":0,"10":0,"11":0},"b":{"0":[0,0],"1":[0,0],"2":[0,0]}}
,"C:\\Users\\manki\\Assignmnet-2-BED\\src\\api\\v1\\services\\employeeService.ts": {"path":"C:\\Users\\manki\\Assignmnet-2-BED\\src\\api\\v1\\services\\employeeService.ts","statementMap":{"0":{"start":{"line":1,"column":0},"end":{"line":1,"column":61}},"1":{"start":{"line":7,"column":31},"end":{"line":9,"column":2}},"2":{"start":{"line":7,"column":63},"end":{"line":9,"column":2}},"3":{"start":{"line":8,"column":4},"end":{"line":8,"column":38}},"4":{"start":{"line":7,"column":13},"end":{"line":7,"column":31}},"5":{"start":{"line":15,"column":31},"end":{"line":22,"column":2}},"6":{"start":{"line":15,"column":83},"end":{"line":22,"column":2}},"7":{"start":{"line":16,"column":4},"end":{"line":20,"column":5}},"8":{"start":{"line":17,"column":8},"end":{"line":19,"column":9}},"9":{"start":{"line":18,"column":12},"end":{"line":18,"column":45}},"10":{"start":{"line":21,"column":4},"end":{"line":21,"column":21}},"11":{"start":{"line":15,"column":13},"end":{"line":15,"column":31}},"12":{"start":{"line":29,"column":30},"end":{"line":42,"column":2}},"13":{"start":{"line":30,"column":23},"end":{"line":42,"column":2}},"14":{"start":{"line":31,"column":34},"end":{"line":39,"column":null}},"15":{"start":{"line":40,"column":4},"end":{"line":40,"column":32}},"16":{"start":{"line":41,"column":4},"end":{"line":41,"column":23}},"17":{"start":{"line":29,"column":13},"end":{"line":29,"column":30}},"18":{"start":{"line":50,"column":30},"end":{"line":66,"column":2}},"19":{"start":{"line":53,"column":35},"end":{"line":66,"column":2}},"20":{"start":{"line":54,"column":26},"end":{"line":54,"column":89}},"21":{"start":{"line":54,"column":70},"end":{"line":54,"column":88}},"22":{"start":{"line":56,"column":4},"end":{"line":58,"column":5}},"23":{"start":{"line":57,"column":8},"end":{"line":57,"column":25}},"24":{"start":{"line":60,"column":4},"end":{"line":63,"column":6}},"25":{"start":{"line":65,"column":4},"end":{"line":65,"column":45}},"26":{"start":{"line":50,"column":13},"end":{"line":50,"column":30}},"27":{"start":{"line":73,"column":30},"end":{"line":83,"column":2}},"28":{"start":{"line":74,"column":33},"end":{"line":83,"column":2}},"29":{"start":{"line":75,"column":26},"end":{"line":75,"column":89}},"30":{"start":{"line":75,"column":70},"end":{"line":75,"column":88}},"31":{"start":{"line":77,"column":4},"end":{"line":79,"column":5}},"32":{"start":{"line":78,"column":8},"end":{"line":78,"column":25}},"33":{"start":{"line":81,"column":4},"end":{"line":81,"column":31}},"34":{"start":{"line":82,"column":4},"end":{"line":82,"column":44}},"35":{"start":{"line":73,"column":13},"end":{"line":73,"column":30}},"36":{"start":{"line":90,"column":41},"end":{"line":101,"column":2}},"37":{"start":{"line":91,"column":25},"end":{"line":101,"column":2}},"38":{"start":{"line":92,"column":44},"end":{"line":92,"column":46}},"39":{"start":{"line":94,"column":4},"end":{"line":98,"column":5}},"40":{"start":{"line":95,"column":8},"end":{"line":97,"column":9}},"41":{"start":{"line":96,"column":12},"end":{"line":96,"column":64}},"42":{"start":{"line":100,"column":4},"end":{"line":100,"column":31}},"43":{"start":{"line":90,"column":13},"end":{"line":90,"column":41}},"44":{"start":{"line":108,"column":45},"end":{"line":119,"column":2}},"45":{"start":{"line":109,"column":25},"end":{"line":119,"column":2}},"46":{"start":{"line":110,"column":48},"end":{"line":110,"column":50}},"47":{"start":{"line":112,"column":4},"end":{"line":116,"column":5}},"48":{"start":{"line":113,"column":8},"end":{"line":115,"column":9}},"49":{"start":{"line":114,"column":12},"end":{"line":114,"column":68}},"50":{"start":{"line":118,"column":4},"end":{"line":118,"column":35}},"51":{"start":{"line":108,"column":13},"end":{"line":108,"column":45}}},"fnMap":{"0":{"name":"(anonymous_7)","decl":{"start":{"line":7,"column":31},"end":{"line":7,"column":61}},"loc":{"start":{"line":7,"column":63},"end":{"line":9,"column":2}}},"1":{"name":"(anonymous_8)","decl":{"start":{"line":7,"column":63},"end":{"line":7,"column":null}},"loc":{"start":{"line":7,"column":63},"end":{"line":9,"column":1}}},"2":{"name":"(anonymous_9)","decl":{"start":{"line":15,"column":31},"end":{"line":15,"column":38}},"loc":{"start":{"line":15,"column":83},"end":{"line":22,"column":2}}},"3":{"name":"(anonymous_10)","decl":{"start":{"line":15,"column":83},"end":{"line":15,"column":null}},"loc":{"start":{"line":15,"column":83},"end":{"line":22,"column":1}}},"4":{"name":"(anonymous_11)","decl":{"start":{"line":29,"column":30},"end":{"line":29,"column":37}},"loc":{"start":{"line":30,"column":23},"end":{"line":42,"column":2}}},"5":{"name":"(anonymous_12)","decl":{"start":{"line":30,"column":23},"end":{"line":30,"column":null}},"loc":{"start":{"line":30,"column":23},"end":{"line":42,"column":1}}},"6":{"name":"(anonymous_13)","decl":{"start":{"line":50,"column":30},"end":{"line":50,"column":null}},"loc":{"start":{"line":53,"column":35},"end":{"line":66,"column":2}}},"7":{"name":"(anonymous_14)","decl":{"start":{"line":53,"column":35},"end":{"line":53,"column":null}},"loc":{"start":{"line":53,"column":35},"end":{"line":66,"column":1}}},"8":{"name":"(anonymous_15)","decl":{"start":{"line":54,"column":46},"end":{"line":54,"column":47}},"loc":{"start":{"line":54,"column":70},"end":{"line":54,"column":88}}},"9":{"name":"(anonymous_16)","decl":{"start":{"line":73,"column":30},"end":{"line":73,"column":37}},"loc":{"start":{"line":74,"column":33},"end":{"line":83,"column":2}}},"10":{"name":"(anonymous_17)","decl":{"start":{"line":74,"column":33},"end":{"line":74,"column":null}},"loc":{"start":{"line":74,"column":33},"end":{"line":83,"column":1}}},"11":{"name":"(anonymous_18)","decl":{"start":{"line":75,"column":46},"end":{"line":75,"column":47}},"loc":{"start":{"line":75,"column":70},"end":{"line":75,"column":88}}},"12":{"name":"(anonymous_19)","decl":{"start":{"line":90,"column":41},"end":{"line":90,"column":48}},"loc":{"start":{"line":91,"column":25},"end":{"line":101,"column":2}}},"13":{"name":"(anonymous_20)","decl":{"start":{"line":91,"column":25},"end":{"line":91,"column":null}},"loc":{"start":{"line":91,"column":25},"end":{"line":101,"column":1}}},"14":{"name":"(anonymous_21)","decl":{"start":{"line":108,"column":45},"end":{"line":108,"column":52}},"loc":{"start":{"line":109,"column":25},"end":{"line":119,"column":2}}},"15":{"name":"(anonymous_22)","decl":{"start":{"line":109,"column":25},"end":{"line":109,"column":null}},"loc":{"start":{"line":109,"column":25},"end":{"line":119,"column":1}}}},"branchMap":{"0":{"loc":{"start":{"line":17,"column":8},"end":{"line":19,"column":9}},"type":"if","locations":[{"start":{"line":17,"column":8},"end":{"line":19,"column":9}},{"start":{},"end":{}}]},"1":{"loc":{"start":{"line":56,"column":4},"end":{"line":58,"column":5}},"type":"if","locations":[{"start":{"line":56,"column":4},"end":{"line":58,"column":5}},{"start":{},"end":{}}]},"2":{"loc":{"start":{"line":77,"column":4},"end":{"line":79,"column":5}},"type":"if","locations":[{"start":{"line":77,"column":4},"end":{"line":79,"column":5}},{"start":{},"end":{}}]},"3":{"loc":{"start":{"line":95,"column":8},"end":{"line":97,"column":9}},"type":"if","locations":[{"start":{"line":95,"column":8},"end":{"line":97,"column":9}},{"start":{},"end":{}}]},"4":{"loc":{"start":{"line":113,"column":8},"end":{"line":115,"column":9}},"type":"if","locations":[{"start":{"line":113,"column":8},"end":{"line":115,"column":9}},{"start":{},"end":{}}]}},"s":{"0":0,"1":0,"2":0,"3":0,"4":0,"5":0,"6":0,"7":0,"8":0,"9":0,"10":0,"11":0,"12":0,"13":0,"14":0,"15":0,"16":0,"17":0,"18":0,"19":0,"20":0,"21":0,"22":0,"23":0,"24":0,"25":0,"26":0,"27":0,"28":0,"29":0,"30":0,"31":0,"32":0,"33":0,"34":0,"35":0,"36":0,"37":0,"38":0,"39":0,"40":0,"41":0,"42":0,"43":0,"44":0,"45":0,"46":0,"47":0,"48":0,"49":0,"50":0,"51":0},"f":{"0":0,"1":0,"2":0,"3":0,"4":0,"5":0,"6":0,"7":0,"8":0,"9":0,"10":0,"11":0,"12":0,"13":0,"14":0,"15":0},"b":{"0":[0,0],"1":[0,0],"2":[0,0],"3":[0,0],"4":[0,0]}}
,"C:\\Users\\manki\\Assignmnet-2-BED\\src\\data\\branches.ts": {"path":"C:\\Users\\manki\\Assignmnet-2-BED\\src\\data\\branches.ts","statementMap":{"0":{"start":{"line":11,"column":13},"end":{"line":22,"column":2}}},"fnMap":{},"branchMap":{},"s":{"0":0},"f":{},"b":{}}
,"C:\\Users\\manki\\Assignmnet-2-BED\\src\\data\\employee.ts": {"path":"C:\\Users\\manki\\Assignmnet-2-BED\\src\\data\\employee.ts","statementMap":{"0":{"start":{"line":14,"column":13},"end":{"line":50,"column":2}}},"fnMap":{},"branchMap":{},"s":{"0":0},"f":{},"b":{}}
}
