TN:
SF:src\app.ts
FN:11,(anonymous_1)
FN:23,(anonymous_2)
FNF:2
FNH:0
FNDA:0,(anonymous_1)
FNDA:0,(anonymous_2)
DA:1,0
DA:2,0
DA:3,0
DA:4,0
DA:6,0
DA:8,0
DA:9,0
DA:11,0
DA:12,0
DA:20,0
DA:21,0
DA:23,0
DA:24,0
DA:25,0
DA:29,0
LF:15
LH:0
BRF:0
BRH:0
end_of_record
TN:
SF:src\api\v1\controllers\branchController.ts
FN:9,(anonymous_16)
FN:10,(anonymous_17)
FN:37,(anonymous_18)
FN:38,(anonymous_19)
FN:56,(anonymous_20)
FN:57,(anonymous_21)
FN:81,(anonymous_22)
FN:82,(anonymous_23)
FN:108,(anonymous_24)
FN:109,(anonymous_25)
FNF:10
FNH:0
FNDA:0,(anonymous_16)
FNDA:0,(anonymous_17)
FNDA:0,(anonymous_18)
FNDA:0,(anonymous_19)
FNDA:0,(anonymous_20)
FNDA:0,(anonymous_21)
FNDA:0,(anonymous_22)
FNDA:0,(anonymous_23)
FNDA:0,(anonymous_24)
FNDA:0,(anonymous_25)
DA:2,0
DA:9,0
DA:10,0
DA:11,0
DA:12,0
DA:13,0
DA:14,0
DA:15,0
DA:17,0
DA:22,0
DA:28,0
DA:37,0
DA:38,0
DA:39,0
DA:40,0
DA:41,0
DA:47,0
DA:56,0
DA:57,0
DA:58,0
DA:59,0
DA:60,0
DA:61,0
DA:62,0
DA:68,0
DA:72,0
DA:81,0
DA:82,0
DA:83,0
DA:84,0
DA:85,0
DA:87,0
DA:88,0
DA:89,0
DA:95,0
DA:99,0
DA:108,0
DA:109,0
DA:110,0
DA:111,0
DA:112,0
DA:113,0
DA:114,0
DA:117,0
DA:121,0
LF:45
LH:0
BRDA:13,0,0,0
BRDA:13,0,1,0
BRDA:13,1,0,0
BRDA:13,1,1,0
BRDA:13,1,2,0
BRDA:61,2,0,0
BRDA:61,2,1,0
BRDA:88,3,0,0
BRDA:88,3,1,0
BRDA:113,4,0,0
BRDA:113,4,1,0
BRF:11
BRH:0
end_of_record
TN:
SF:src\api\v1\controllers\employeeController.ts
FN:9,(anonymous_16)
FN:10,(anonymous_17)
FN:40,(anonymous_18)
FN:41,(anonymous_19)
FN:59,(anonymous_20)
FN:60,(anonymous_21)
FN:85,(anonymous_22)
FN:86,(anonymous_23)
FN:112,(anonymous_24)
FN:113,(anonymous_25)
FN:134,(anonymous_26)
FN:135,(anonymous_27)
FN:161,(anonymous_28)
FN:162,(anonymous_29)
FNF:14
FNH:0
FNDA:0,(anonymous_16)
FNDA:0,(anonymous_17)
FNDA:0,(anonymous_18)
FNDA:0,(anonymous_19)
FNDA:0,(anonymous_20)
FNDA:0,(anonymous_21)
FNDA:0,(anonymous_22)
FNDA:0,(anonymous_23)
FNDA:0,(anonymous_24)
FNDA:0,(anonymous_25)
FNDA:0,(anonymous_26)
FNDA:0,(anonymous_27)
FNDA:0,(anonymous_28)
FNDA:0,(anonymous_29)
DA:2,0
DA:9,0
DA:10,0
DA:11,0
DA:12,0
DA:13,0
DA:14,0
DA:15,0
DA:17,0
DA:25,0
DA:31,0
DA:40,0
DA:41,0
DA:42,0
DA:43,0
DA:44,0
DA:50,0
DA:59,0
DA:60,0
DA:61,0
DA:62,0
DA:63,0
DA:64,0
DA:65,0
DA:71,0
DA:76,0
DA:85,0
DA:86,0
DA:87,0
DA:88,0
DA:89,0
DA:91,0
DA:92,0
DA:93,0
DA:99,0
DA:103,0
DA:112,0
DA:113,0
DA:114,0
DA:115,0
DA:116,0
DA:117,0
DA:118,0
DA:121,0
DA:125,0
DA:134,0
DA:135,0
DA:136,0
DA:137,0
DA:139,0
DA:140,0
DA:141,0
DA:143,0
DA:144,0
DA:145,0
DA:152,0
DA:161,0
DA:162,0
DA:163,0
DA:164,0
DA:166,0
DA:167,0
DA:168,0
DA:170,0
DA:171,0
DA:172,0
DA:179,0
LF:67
LH:0
BRDA:13,0,0,0
BRDA:13,0,1,0
BRDA:13,1,0,0
BRDA:13,1,1,0
BRDA:13,1,2,0
BRDA:13,1,3,0
BRDA:13,1,4,0
BRDA:13,1,5,0
BRDA:64,2,0,0
BRDA:64,2,1,0
BRDA:92,3,0,0
BRDA:92,3,1,0
BRDA:117,4,0,0
BRDA:117,4,1,0
BRDA:139,5,0,0
BRDA:139,5,1,0
BRDA:144,6,0,0
BRDA:144,6,1,0
BRDA:166,7,0,0
BRDA:166,7,1,0
BRDA:171,8,0,0
BRDA:171,8,1,0
BRF:22
BRH:0
end_of_record
TN:
SF:src\api\v1\routes\branchRoute.ts
FNF:0
FNH:0
DA:1,0
DA:2,0
DA:10,0
DA:12,0
DA:13,0
DA:14,0
DA:15,0
DA:16,0
DA:18,0
LF:9
LH:0
BRF:0
BRH:0
end_of_record
TN:
SF:src\api\v1\routes\employeeRoute.ts
FNF:0
FNH:0
DA:1,0
DA:2,0
DA:12,0
DA:14,0
DA:15,0
DA:16,0
DA:17,0
DA:18,0
DA:19,0
DA:20,0
DA:22,0
LF:11
LH:0
BRF:0
BRH:0
end_of_record
TN:
SF:src\api\v1\services\branchService.ts
FN:8,(anonymous_7)
FN:8,(anonymous_8)
FN:16,(anonymous_9)
FN:16,(anonymous_10)
FN:30,(anonymous_11)
FN:30,(anonymous_12)
FN:47,(anonymous_13)
FN:50,(anonymous_14)
FN:51,(anonymous_15)
FN:70,(anonymous_16)
FN:70,(anonymous_17)
FN:71,(anonymous_18)
FNF:12
FNH:0
FNDA:0,(anonymous_7)
FNDA:0,(anonymous_8)
FNDA:0,(anonymous_9)
FNDA:0,(anonymous_10)
FNDA:0,(anonymous_11)
FNDA:0,(anonymous_12)
FNDA:0,(anonymous_13)
FNDA:0,(anonymous_14)
FNDA:0,(anonymous_15)
FNDA:0,(anonymous_16)
FNDA:0,(anonymous_17)
FNDA:0,(anonymous_18)
DA:1,0
DA:8,0
DA:9,0
DA:16,0
DA:17,0
DA:18,0
DA:19,0
DA:22,0
DA:30,0
DA:31,0
DA:37,0
DA:38,0
DA:47,0
DA:50,0
DA:51,0
DA:53,0
DA:54,0
DA:57,0
DA:62,0
DA:70,0
DA:71,0
DA:73,0
DA:74,0
DA:77,0
DA:78,0
LF:25
LH:0
BRDA:18,0,0,0
BRDA:18,0,1,0
BRDA:53,1,0,0
BRDA:53,1,1,0
BRDA:73,2,0,0
BRDA:73,2,1,0
BRF:6
BRH:0
end_of_record
TN:
SF:src\api\v1\services\employeeService.ts
FN:7,(anonymous_7)
FN:7,(anonymous_8)
FN:15,(anonymous_9)
FN:15,(anonymous_10)
FN:29,(anonymous_11)
FN:30,(anonymous_12)
FN:50,(anonymous_13)
FN:53,(anonymous_14)
FN:54,(anonymous_15)
FN:73,(anonymous_16)
FN:74,(anonymous_17)
FN:75,(anonymous_18)
FN:90,(anonymous_19)
FN:91,(anonymous_20)
FN:108,(anonymous_21)
FN:109,(anonymous_22)
FNF:16
FNH:0
FNDA:0,(anonymous_7)
FNDA:0,(anonymous_8)
FNDA:0,(anonymous_9)
FNDA:0,(anonymous_10)
FNDA:0,(anonymous_11)
FNDA:0,(anonymous_12)
FNDA:0,(anonymous_13)
FNDA:0,(anonymous_14)
FNDA:0,(anonymous_15)
FNDA:0,(anonymous_16)
FNDA:0,(anonymous_17)
FNDA:0,(anonymous_18)
FNDA:0,(anonymous_19)
FNDA:0,(anonymous_20)
FNDA:0,(anonymous_21)
FNDA:0,(anonymous_22)
DA:1,0
DA:7,0
DA:8,0
DA:15,0
DA:16,0
DA:17,0
DA:18,0
DA:21,0
DA:29,0
DA:30,0
DA:31,0
DA:40,0
DA:41,0
DA:50,0
DA:53,0
DA:54,0
DA:56,0
DA:57,0
DA:60,0
DA:65,0
DA:73,0
DA:74,0
DA:75,0
DA:77,0
DA:78,0
DA:81,0
DA:82,0
DA:90,0
DA:91,0
DA:92,0
DA:94,0
DA:95,0
DA:96,0
DA:100,0
DA:108,0
DA:109,0
DA:110,0
DA:112,0
DA:113,0
DA:114,0
DA:118,0
LF:41
LH:0
BRDA:17,0,0,0
BRDA:17,0,1,0
BRDA:56,1,0,0
BRDA:56,1,1,0
BRDA:77,2,0,0
BRDA:77,2,1,0
BRDA:95,3,0,0
BRDA:95,3,1,0
BRDA:113,4,0,0
BRDA:113,4,1,0
BRF:10
BRH:0
end_of_record
TN:
SF:src\data\branches.ts
FNF:0
FNH:0
DA:11,0
LF:1
LH:0
BRF:0
BRH:0
end_of_record
TN:
SF:src\data\employee.ts
FNF:0
FNH:0
DA:14,0
LF:1
LH:0
BRF:0
BRH:0
end_of_record
